0 info it worked if it ends with ok
1 verbose cli [ '/usr/local/bin/node', '/usr/local/bin/npm', 'run', 'dev' ]
2 info using npm@3.10.10
3 info using node@v6.9.4
4 verbose run-script [ 'predev', 'dev', 'postdev' ]
5 info lifecycle md@1.0.0~predev: md@1.0.0
6 silly lifecycle md@1.0.0~predev: no script for predev, continuing
7 info lifecycle md@1.0.0~dev: md@1.0.0
8 verbose lifecycle md@1.0.0~dev: unsafe-perm in lifecycle true
9 verbose lifecycle md@1.0.0~dev: PATH: /usr/local/lib/node_modules/npm/bin/node-gyp-bin:/Users/fujuewen/workspace/web-front/fe-demo/md/node_modules/.bin:/Users/fujuewen/.rvm/gems/ruby-2.3.1/bin:/Users/fujuewen/.rvm/gems/ruby-2.3.1@global/bin:/Users/fujuewen/.rvm/rubies/ruby-2.3.1/bin:/usr/local/bin:/usr/bin:/bin:/usr/sbin:/sbin:/Users/fujuewen/.rvm/bin
10 verbose lifecycle md@1.0.0~dev: CWD: /Users/fujuewen/workspace/web-front/fe-demo/md
11 silly lifecycle md@1.0.0~dev: Args: [ '-c', 'gulp & webpack --progress --watch' ]
12 silly lifecycle md@1.0.0~dev: Returned: code: 1  signal: null
13 info lifecycle md@1.0.0~dev: Failed to exec dev script
14 verbose stack Error: md@1.0.0 dev: `gulp & webpack --progress --watch`
14 verbose stack Exit status 1
14 verbose stack     at EventEmitter.<anonymous> (/usr/local/lib/node_modules/npm/lib/utils/lifecycle.js:255:16)
14 verbose stack     at emitTwo (events.js:106:13)
14 verbose stack     at EventEmitter.emit (events.js:191:7)
14 verbose stack     at ChildProcess.<anonymous> (/usr/local/lib/node_modules/npm/lib/utils/spawn.js:40:14)
14 verbose stack     at emitTwo (events.js:106:13)
14 verbose stack     at ChildProcess.emit (events.js:191:7)
14 verbose stack     at maybeClose (internal/child_process.js:877:16)
14 verbose stack     at Process.ChildProcess._handle.onexit (internal/child_process.js:226:5)
15 verbose pkgid md@1.0.0
16 verbose cwd /Users/fujuewen/workspace/web-front/fe-demo/md
17 error Darwin 16.4.0
18 error argv "/usr/local/bin/node" "/usr/local/bin/npm" "run" "dev"
19 error node v6.9.4
20 error npm  v3.10.10
21 error code ELIFECYCLE
22 error md@1.0.0 dev: `gulp & webpack --progress --watch`
22 error Exit status 1
23 error Failed at the md@1.0.0 dev script 'gulp & webpack --progress --watch'.
23 error Make sure you have the latest version of node.js and npm installed.
23 error If you do, this is most likely a problem with the md package,
23 error not with npm itself.
23 error Tell the author that this fails on your system:
23 error     gulp & webpack --progress --watch
23 error You can get information on how to open an issue for this project with:
23 error     npm bugs md
23 error Or if that isn't available, you can get their info via:
23 error     npm owner ls md
23 error There is likely additional logging output above.
24 verbose exit [ 1, true ]
